mode: set
mini-project-acp12/controllers/addressOptionController.go:12.66,25.16 6 1
mini-project-acp12/controllers/addressOptionController.go:31.2,34.4 1 1
mini-project-acp12/controllers/addressOptionController.go:25.16,29.3 1 0
mini-project-acp12/controllers/addressOptionController.go:37.64,41.16 3 1
mini-project-acp12/controllers/addressOptionController.go:47.2,50.4 1 1
mini-project-acp12/controllers/addressOptionController.go:41.16,45.3 1 0
mini-project-acp12/controllers/cartController.go:12.48,26.16 7 0
mini-project-acp12/controllers/cartController.go:33.2,34.16 2 0
mini-project-acp12/controllers/cartController.go:41.2,42.27 2 0
mini-project-acp12/controllers/cartController.go:48.2,54.17 5 0
mini-project-acp12/controllers/cartController.go:60.2,61.17 2 0
mini-project-acp12/controllers/cartController.go:67.2,68.16 2 0
mini-project-acp12/controllers/cartController.go:74.2,79.4 2 0
mini-project-acp12/controllers/cartController.go:26.16,30.3 1 0
mini-project-acp12/controllers/cartController.go:34.16,38.3 1 0
mini-project-acp12/controllers/cartController.go:42.27,44.3 1 0
mini-project-acp12/controllers/cartController.go:44.8,46.3 1 0
mini-project-acp12/controllers/cartController.go:54.17,58.3 1 0
mini-project-acp12/controllers/cartController.go:61.17,65.3 1 0
mini-project-acp12/controllers/cartController.go:68.16,72.3 1 0
mini-project-acp12/controllers/cartController.go:82.50,89.16 5 0
mini-project-acp12/controllers/cartController.go:96.2,97.16 2 0
mini-project-acp12/controllers/cartController.go:104.2,105.16 2 0
mini-project-acp12/controllers/cartController.go:112.2,113.17 2 0
mini-project-acp12/controllers/cartController.go:120.2,121.27 2 0
mini-project-acp12/controllers/cartController.go:127.2,131.17 5 0
mini-project-acp12/controllers/cartController.go:138.2,139.16 2 0
mini-project-acp12/controllers/cartController.go:145.2,150.4 2 0
mini-project-acp12/controllers/cartController.go:89.16,93.3 1 0
mini-project-acp12/controllers/cartController.go:97.16,101.3 1 0
mini-project-acp12/controllers/cartController.go:105.16,109.3 1 0
mini-project-acp12/controllers/cartController.go:113.17,117.3 1 0
mini-project-acp12/controllers/cartController.go:121.27,123.3 1 0
mini-project-acp12/controllers/cartController.go:123.8,125.3 1 0
mini-project-acp12/controllers/cartController.go:131.17,135.3 1 0
mini-project-acp12/controllers/cartController.go:139.16,143.3 1 0
mini-project-acp12/controllers/productGalleryController.go:12.70,16.41 3 1
mini-project-acp12/controllers/productGalleryController.go:22.2,29.16 3 1
mini-project-acp12/controllers/productGalleryController.go:35.2,38.4 1 1
mini-project-acp12/controllers/productGalleryController.go:16.41,18.3 1 0
mini-project-acp12/controllers/productGalleryController.go:18.8,20.3 1 1
mini-project-acp12/controllers/productGalleryController.go:29.16,33.3 1 0
mini-project-acp12/controllers/productGalleryController.go:41.69,45.16 3 1
mini-project-acp12/controllers/productGalleryController.go:51.2,54.4 1 1
mini-project-acp12/controllers/productGalleryController.go:45.16,49.3 1 0
mini-project-acp12/controllers/shipmentOptionController.go:12.68,23.16 4 1
mini-project-acp12/controllers/shipmentOptionController.go:29.2,32.4 1 1
mini-project-acp12/controllers/shipmentOptionController.go:23.16,27.3 1 0
mini-project-acp12/controllers/shipmentOptionController.go:35.66,39.16 3 1
mini-project-acp12/controllers/shipmentOptionController.go:45.2,48.4 1 1
mini-project-acp12/controllers/shipmentOptionController.go:39.16,43.3 1 0
mini-project-acp12/controllers/storeController.go:12.52,14.16 2 1
mini-project-acp12/controllers/storeController.go:19.2,33.14 5 1
mini-project-acp12/controllers/storeController.go:39.2,42.4 1 1
mini-project-acp12/controllers/storeController.go:14.16,18.3 1 0
mini-project-acp12/controllers/storeController.go:33.14,37.3 1 0
mini-project-acp12/controllers/userController.go:16.44,21.16 4 0
mini-project-acp12/controllers/userController.go:27.2,30.4 1 0
mini-project-acp12/controllers/userController.go:21.16,25.3 1 0
mini-project-acp12/controllers/userController.go:33.50,37.16 3 0
mini-project-acp12/controllers/userController.go:43.2,46.4 1 0
mini-project-acp12/controllers/userController.go:37.16,41.3 1 0
mini-project-acp12/controllers/userController.go:49.46,52.14 2 1
mini-project-acp12/controllers/userController.go:56.2,59.4 1 1
mini-project-acp12/controllers/userController.go:52.14,54.3 1 0
mini-project-acp12/controllers/userController.go:62.49,65.16 2 1
mini-project-acp12/controllers/userController.go:69.2,82.14 3 1
mini-project-acp12/controllers/userController.go:88.2,91.4 1 1
mini-project-acp12/controllers/userController.go:65.16,67.3 1 0
mini-project-acp12/controllers/userController.go:82.14,86.3 1 0
mini-project-acp12/controllers/userController.go:94.49,98.16 3 0
mini-project-acp12/controllers/userController.go:102.2,112.16 9 0
mini-project-acp12/controllers/userController.go:118.2,121.4 1 0
mini-project-acp12/controllers/userController.go:98.16,100.3 1 0
mini-project-acp12/controllers/userController.go:112.16,116.3 1 0
mini-project-acp12/controllers/categoryController.go:12.53,22.16 4 1
mini-project-acp12/controllers/categoryController.go:28.2,31.4 1 1
mini-project-acp12/controllers/categoryController.go:22.16,26.3 1 0
mini-project-acp12/controllers/categoryController.go:34.61,38.16 3 1
mini-project-acp12/controllers/categoryController.go:44.2,47.4 1 1
mini-project-acp12/controllers/categoryController.go:38.16,42.3 1 0
mini-project-acp12/controllers/productController.go:13.64,23.16 7 1
mini-project-acp12/controllers/productController.go:29.2,42.16 3 1
mini-project-acp12/controllers/productController.go:48.2,51.4 1 1
mini-project-acp12/controllers/productController.go:23.16,27.3 1 0
mini-project-acp12/controllers/productController.go:42.16,46.3 1 0
mini-project-acp12/controllers/productController.go:54.59,58.16 3 1
mini-project-acp12/controllers/productController.go:64.2,67.4 1 1
mini-project-acp12/controllers/productController.go:58.16,62.3 1 0
mini-project-acp12/controllers/transactionController.go:37.56,45.16 6 0
mini-project-acp12/controllers/transactionController.go:52.2,53.16 2 0
mini-project-acp12/controllers/transactionController.go:60.2,61.16 2 0
mini-project-acp12/controllers/transactionController.go:68.2,69.16 2 0
mini-project-acp12/controllers/transactionController.go:76.2,112.16 14 0
mini-project-acp12/controllers/transactionController.go:118.2,120.40 2 0
mini-project-acp12/controllers/transactionController.go:152.2,153.16 2 0
mini-project-acp12/controllers/transactionController.go:159.2,163.17 3 0
mini-project-acp12/controllers/transactionController.go:169.2,174.18 5 0
mini-project-acp12/controllers/transactionController.go:180.2,183.4 1 0
mini-project-acp12/controllers/transactionController.go:45.16,49.3 1 0
mini-project-acp12/controllers/transactionController.go:53.16,57.3 1 0
mini-project-acp12/controllers/transactionController.go:61.16,65.3 1 0
mini-project-acp12/controllers/transactionController.go:69.16,73.3 1 0
mini-project-acp12/controllers/transactionController.go:112.16,116.3 1 0
mini-project-acp12/controllers/transactionController.go:120.40,123.17 2 0
mini-project-acp12/controllers/transactionController.go:129.3,143.18 4 0
mini-project-acp12/controllers/transactionController.go:149.3,149.108 1 0
mini-project-acp12/controllers/transactionController.go:123.17,127.4 1 0
mini-project-acp12/controllers/transactionController.go:143.18,147.4 1 0
mini-project-acp12/controllers/transactionController.go:153.16,157.3 1 0
mini-project-acp12/controllers/transactionController.go:163.17,167.3 1 0
mini-project-acp12/controllers/transactionController.go:174.18,178.3 1 0
